<?xml version="1.0" encoding="UTF-8"?>
<!-- Generated by org.testng.reporters.JUnitXMLReporter -->
<testsuite ignored="0" hostname="DESKTOP-F7L40Q2" failures="0" tests="13" name="Fully Automated Regression" time="70.465" errors="0" timestamp="2021-09-20T16:24:13 CDT">
  <testcase classname="test.DanceOff" name="AllCombinationsAvailable" time="7.802"/>
  <testcase classname="test.DanceOff" name="DanceButtonTest" time="6.641"/>
  <testcase classname="test.LeaderboardTestCases" name="CheckLastMatchWinnersOnLeaderboards" time="7.392"/>
  <testcase classname="test.LeaderboardTestCases" name="CheckTheLeaderboardButtonTest" time="23.065"/>
  <testcase classname="test.LeaderboardTestCases" name="CheckWinnersOnLeaderboard" time="4.716"/>
  <testcase classname="test.Message" name="SelectedForBattleMessage" time="2.3"/>
  <testcase classname="test.Message" name="WelcomeMessage" time="3.088"/>
  <testcase classname="test.Message" name="WinnerOrLoserMessage" time="2.565"/>
  <testcase classname="test.Message" name="selectedRobotMessage" time="3.532"/>
  <testcase classname="test.Team" name="ExperienceTest" time="2.701"/>
  <testcase classname="test.Team" name="onlyOneSelectedForBattlePerTeam" time="3.09"/>
  <testcase classname="test.TeamName" name="testCreateButton" time="1.816"/>
  <testcase classname="test.TeamName" name="testTeamNames" time="1.717"/>
</testsuite> <!-- Fully Automated Regression -->
