<?xml version="1.0" encoding="UTF-8"?>
<!-- Generated by org.testng.reporters.JUnitXMLReporter -->
<testsuite ignored="1" hostname="DESKTOP-F7L40Q2" failures="0" tests="1" name="Default test" time="9.208" errors="0" timestamp="2021-09-20T01:10:27 CDT">
  <testcase classname="test.DanceOff" name="AllCombinationsAvailable" time="9.184"/>
  <testcase classname="test.DanceOff" name="DanceButtonTest" time="0.0">
    <ignored/>
  </testcase> <!-- DanceButtonTest -->
</testsuite> <!-- Default test -->
