<?xml version="1.0" encoding="UTF-8"?>
<testng-results ignored="1" total="2" passed="1" failed="0" skipped="0">
  <reporter-output>
  </reporter-output>
  <suite started-at="2021-09-20T01:10:18 CDT" name="Default suite" finished-at="2021-09-20T01:10:27 CDT" duration-ms="9208">
    <groups>
    </groups>
    <test started-at="2021-09-20T01:10:18 CDT" name="Default test" finished-at="2021-09-20T01:10:27 CDT" duration-ms="9208">
      <class name="test.DanceOff">
        <test-method signature="AllCombinationsAvailable()[pri:0, instance:test.DanceOff@3cc2931c]" started-at="2021-09-20T01:10:18 CDT" name="AllCombinationsAvailable" finished-at="2021-09-20T01:10:27 CDT" duration-ms="9184" status="PASS">
          <reporter-output>
          </reporter-output>
        </test-method> <!-- AllCombinationsAvailable -->
      </class> <!-- test.DanceOff -->
    </test> <!-- Default test -->
  </suite> <!-- Default suite -->
</testng-results>
